<?xml version="1.0" encoding="UTF-8"?>
<testsuite xmlns:xsi="http://www.w3.org/2001/XMLSchema-instance" xsi:noNamespaceSchemaLocation="https://maven.apache.org/surefire/maven-failsafe-plugin/xsd/failsafe-test-report.xsd" name="com.example.testsuits.TimeZoneSuite" time="1.623" tests="1" errors="1" skipped="0" failures="0">
  <properties>
[...]
</properties>
  <testcase name="com.example.testsuits.TimeZoneSuite" classname="com.example.testsuits.TimeZoneSuite" time="1.621">
    <error message="Could not create a cucumber expression for &apos;It should return {String} and timezone with all {String}&apos;.&#10;It appears you did not register parameter type. The details are in the stacktrace below.&#10;You can find the documentation here: https://docs.cucumber.io/cucumber/cucumber-expressions/" type="cucumber.runtime.CucumberException">cucumber.runtime.CucumberException: 
Could not create a cucumber expression for 'It should return {String} and timezone with all {String}'.
It appears you did not register parameter type. The details are in the stacktrace below.
You can find the documentation here: https://docs.cucumber.io/cucumber/cucumber-expressions/
Caused by: io.cucumber.cucumberexpressions.UndefinedParameterTypeException: Undefined parameter type {String}. Please register a ParameterType for {String}.
</error>
    <system-out><![CDATA[17:56:48.656 [main] DEBUG net.thucydides.core.util.PropertiesFileLocalPreferences - LOADING LOCAL PROPERTIES FROM /home/jinesh/JINESH/SEM_8/IQM/timezonedb-api-automation-test/serenity.properties 
17:56:48.792 [main] DEBUG net.thucydides.core.util.PropertiesFileLocalPreferences - LOADING LOCAL PROPERTIES FROM /home/jinesh/JINESH/SEM_8/IQM/timezonedb-api-automation-test/serenity.properties 
17:56:48.792 [main] DEBUG net.thucydides.core.util.PropertiesFileLocalPreferences - LOADING LOCAL PROPERTIES FROM /home/jinesh/JINESH/SEM_8/IQM/timezonedb-api-automation-test/serenity.properties 
17:56:48.804 [main] DEBUG net.thucydides.core.util.PropertiesFileLocalPreferences - serenity.project.name=Timezonedb API Automation Test
17:56:48.804 [main] DEBUG net.thucydides.core.util.PropertiesFileLocalPreferences - serenity.maintain.session=true
17:56:48.805 [main] DEBUG net.thucydides.core.util.PropertiesFileLocalPreferences - environments.staging.advertiser.login.email=dev+stageadv@iqm.com
17:56:48.805 [main] DEBUG net.thucydides.core.util.PropertiesFileLocalPreferences - environments.default.mysql.db.user=iaa_platform
17:56:48.805 [main] DEBUG net.thucydides.core.util.PropertiesFileLocalPreferences - environments.default.mysql.db.database=iaa_platform
17:56:48.806 [main] DEBUG net.thucydides.core.util.PropertiesFileLocalPreferences - environments.staging.mysql.db.user=iaa_platform
17:56:48.806 [main] DEBUG net.thucydides.core.util.PropertiesFileLocalPreferences - environments.staging.dsp.id=43
17:56:48.806 [main] DEBUG net.thucydides.core.util.PropertiesFileLocalPreferences - environments.staging.mysql.db.password=iaaiqmind123
17:56:48.806 [main] DEBUG net.thucydides.core.util.PropertiesFileLocalPreferences - environments.prod.mysql.db.user=iaa_platform
17:56:48.806 [main] DEBUG net.thucydides.core.util.PropertiesFileLocalPreferences - environments.staging.advertiser.domain=https://autotestadv.stage.iqm.com
17:56:48.806 [main] DEBUG net.thucydides.core.util.PropertiesFileLocalPreferences - environments.default.mysql.db.port=3306
17:56:48.806 [main] DEBUG net.thucydides.core.util.PropertiesFileLocalPreferences - environments.prod.mysql.db.database=iaa_platform
17:56:48.806 [main] DEBUG net.thucydides.core.util.PropertiesFileLocalPreferences - environments.staging.mysql.db.port=3306
17:56:48.807 [main] DEBUG net.thucydides.core.util.PropertiesFileLocalPreferences - environments.default.api.base.url=https://app1.stage.iqm.com
17:56:48.807 [main] DEBUG net.thucydides.core.util.PropertiesFileLocalPreferences - environments.default.mysql.db.host=192.168.1.201
17:56:48.807 [main] DEBUG net.thucydides.core.util.PropertiesFileLocalPreferences - environments.default.mysql.db.password=password
17:56:48.807 [main] DEBUG net.thucydides.core.util.PropertiesFileLocalPreferences - environments.staging.mysql.db.host=iqm-stage.c1il7prtrihf.us-east-1.rds.amazonaws.com
17:56:48.807 [main] DEBUG net.thucydides.core.util.PropertiesFileLocalPreferences - environments.staging.mysql.db.database=iaa_platform
17:56:48.807 [main] DEBUG net.thucydides.core.util.PropertiesFileLocalPreferences - environments.staging.advertiser.id=100426
17:56:48.807 [main] DEBUG net.thucydides.core.util.PropertiesFileLocalPreferences - environments.prod.mysql.db.port=3306
17:56:48.807 [main] DEBUG net.thucydides.core.util.PropertiesFileLocalPreferences - environments.staging.api.base.url=https://autotestadv.stage.iqm.com
17:56:48.808 [main] DEBUG net.thucydides.core.util.PropertiesFileLocalPreferences - environments.prod.api.base.url=https://app.iqm.com
17:56:48.808 [main] DEBUG net.thucydides.core.util.PropertiesFileLocalPreferences - environments.staging.advertiser.login.password=12345678
17:56:48.808 [main] DEBUG net.thucydides.core.util.PropertiesFileLocalPreferences - environments.prod.mysql.db.host=172.30.2.58
17:56:48.809 [main] DEBUG net.thucydides.core.util.PropertiesFileLocalPreferences - environments.prod.mysql.db.password=iaaiqmind123
17:56:49.241 [main] DEBUG net.thucydides.core.util.PropertiesFileLocalPreferences - LOADING LOCAL PROPERTIES FROM /home/jinesh/JINESH/SEM_8/IQM/timezonedb-api-automation-test/serenity.properties 
17:56:49.265 [main] DEBUG net.thucydides.core.util.PropertiesFileLocalPreferences - LOADING LOCAL PROPERTIES FROM /home/jinesh/JINESH/SEM_8/IQM/timezonedb-api-automation-test/serenity.properties 
17:56:49.266 [main] DEBUG net.thucydides.core.util.PropertiesFileLocalPreferences - LOADING LOCAL PROPERTIES FROM /home/jinesh/JINESH/SEM_8/IQM/timezonedb-api-automation-test/serenity.properties 
17:56:49.268 [main] DEBUG net.thucydides.core.util.PropertiesFileLocalPreferences - serenity.project.name=Timezonedb API Automation Test
17:56:49.269 [main] DEBUG net.thucydides.core.util.PropertiesFileLocalPreferences - serenity.maintain.session=true
17:56:49.270 [main] DEBUG net.thucydides.core.util.PropertiesFileLocalPreferences - environments.staging.advertiser.login.email=dev+stageadv@iqm.com
17:56:49.270 [main] DEBUG net.thucydides.core.util.PropertiesFileLocalPreferences - environments.default.mysql.db.user=iaa_platform
17:56:49.270 [main] DEBUG net.thucydides.core.util.PropertiesFileLocalPreferences - environments.default.mysql.db.database=iaa_platform
17:56:49.270 [main] DEBUG net.thucydides.core.util.PropertiesFileLocalPreferences - environments.staging.mysql.db.user=iaa_platform
17:56:49.271 [main] DEBUG net.thucydides.core.util.PropertiesFileLocalPreferences - environments.staging.dsp.id=43
17:56:49.271 [main] DEBUG net.thucydides.core.util.PropertiesFileLocalPreferences - environments.staging.mysql.db.password=iaaiqmind123
17:56:49.271 [main] DEBUG net.thucydides.core.util.PropertiesFileLocalPreferences - environments.prod.mysql.db.user=iaa_platform
17:56:49.271 [main] DEBUG net.thucydides.core.util.PropertiesFileLocalPreferences - environments.staging.advertiser.domain=https://autotestadv.stage.iqm.com
17:56:49.271 [main] DEBUG net.thucydides.core.util.PropertiesFileLocalPreferences - environments.default.mysql.db.port=3306
17:56:49.271 [main] DEBUG net.thucydides.core.util.PropertiesFileLocalPreferences - environments.prod.mysql.db.database=iaa_platform
17:56:49.271 [main] DEBUG net.thucydides.core.util.PropertiesFileLocalPreferences - environments.staging.mysql.db.port=3306
17:56:49.272 [main] DEBUG net.thucydides.core.util.PropertiesFileLocalPreferences - environments.default.api.base.url=https://app1.stage.iqm.com
17:56:49.272 [main] DEBUG net.thucydides.core.util.PropertiesFileLocalPreferences - environments.default.mysql.db.host=192.168.1.201
17:56:49.272 [main] DEBUG net.thucydides.core.util.PropertiesFileLocalPreferences - environments.default.mysql.db.password=password
17:56:49.272 [main] DEBUG net.thucydides.core.util.PropertiesFileLocalPreferences - environments.staging.mysql.db.host=iqm-stage.c1il7prtrihf.us-east-1.rds.amazonaws.com
17:56:49.273 [main] DEBUG net.thucydides.core.util.PropertiesFileLocalPreferences - environments.staging.mysql.db.database=iaa_platform
17:56:49.273 [main] DEBUG net.thucydides.core.util.PropertiesFileLocalPreferences - environments.staging.advertiser.id=100426
17:56:49.273 [main] DEBUG net.thucydides.core.util.PropertiesFileLocalPreferences - environments.prod.mysql.db.port=3306
17:56:49.273 [main] DEBUG net.thucydides.core.util.PropertiesFileLocalPreferences - environments.staging.api.base.url=https://autotestadv.stage.iqm.com
17:56:49.273 [main] DEBUG net.thucydides.core.util.PropertiesFileLocalPreferences - environments.prod.api.base.url=https://app.iqm.com
17:56:49.273 [main] DEBUG net.thucydides.core.util.PropertiesFileLocalPreferences - environments.staging.advertiser.login.password=12345678
17:56:49.273 [main] DEBUG net.thucydides.core.util.PropertiesFileLocalPreferences - environments.prod.mysql.db.host=172.30.2.58
17:56:49.274 [main] DEBUG net.thucydides.core.util.PropertiesFileLocalPreferences - environments.prod.mysql.db.password=iaaiqmind123
17:56:49.284 [main] INFO net.thucydides.core.steps.ConsoleLoggingListener - 

-------------------------------------------------------------------------------------
     _______. _______ .______       _______ .__   __.  __  .___________.____    ____ 
    /       ||   ____||   _  \     |   ____||  \ |  | |  | |           |\   \  /   / 
   |   (----`|  |__   |  |_)  |    |  |__   |   \|  | |  | `---|  |----` \   \/   /  
    \   \    |   __|  |      /     |   __|  |  . `  | |  |     |  |       \_    _/   
.----)   |   |  |____ |  |\  \----.|  |____ |  |\   | |  |     |  |         |  |     
|_______/    |_______|| _| `._____||_______||__| \__| |__|     |__|         |__|    
                                                                                     
 News and tutorials at http://www.serenity-bdd.info                                  
 Documentation at https://wakaleo.gitbooks.io/the-serenity-book/content/             
 Join the Serenity Community on Rocket Chat at https://serenity-bdd.rocket.chat      
 Serenity BDD Support and Training at http://serenity-bdd.info/#/trainingandsupport  
 Learn Serenity BDD online at http://serenity-dojo.com                               
-------------------------------------------------------------------------------------

17:56:49.289 [main] DEBUG net.thucydides.core.steps.StepEventBus - Test suite started for story net.thucydides.core.model.Story@3b557c95
17:56:49.293 [main] INFO net.thucydides.core.steps.ConsoleLoggingListener - Test Suite Started: Get the timezone
]]></system-out>
    <system-err><![CDATA[Jan 08, 2021 5:56:49 PM cucumber.runtime.java.ObjectFactoryLoader loadSingleObjectFactory
WARNING: Loading deprecated ObjectFactory from runtime via reflection: cucumber.runtime.SerenityObjectFactory
]]></system-err>
  </testcase>
</testsuite>